[2021-02-08 16:38:14,478] SEVERE {b7a.log.crash} - null 
java.lang.NullPointerException
	at org.wso2.ballerinalang.compiler.semantics.analyzer.SemanticAnalyzer.visit(SemanticAnalyzer.java:1795)
	at org.wso2.ballerinalang.compiler.tree.statements.BLangRecordVariableDef.accept(BLangRecordVariableDef.java:48)
	at org.wso2.ballerinalang.compiler.semantics.analyzer.SemanticAnalyzer.analyzeNode(SemanticAnalyzer.java:3088)
	at org.wso2.ballerinalang.compiler.semantics.analyzer.SemanticAnalyzer.analyzeNode(SemanticAnalyzer.java:3056)
	at org.wso2.ballerinalang.compiler.semantics.analyzer.SemanticAnalyzer.analyzeStmt(SemanticAnalyzer.java:3052)
	at org.wso2.ballerinalang.compiler.semantics.analyzer.SemanticAnalyzer.visit(SemanticAnalyzer.java:419)
	at org.wso2.ballerinalang.compiler.tree.BLangBlockFunctionBody.accept(BLangBlockFunctionBody.java:58)
	at org.wso2.ballerinalang.compiler.semantics.analyzer.SemanticAnalyzer.analyzeNode(SemanticAnalyzer.java:3088)
	at org.wso2.ballerinalang.compiler.semantics.analyzer.SemanticAnalyzer.visit(SemanticAnalyzer.java:391)
	at org.wso2.ballerinalang.compiler.tree.BLangFunction.accept(BLangFunction.java:73)
	at org.wso2.ballerinalang.compiler.semantics.analyzer.SemanticAnalyzer.analyzeNode(SemanticAnalyzer.java:3088)
	at org.wso2.ballerinalang.compiler.semantics.analyzer.SemanticAnalyzer.analyzeNode(SemanticAnalyzer.java:3056)
	at org.wso2.ballerinalang.compiler.semantics.analyzer.SemanticAnalyzer.analyzeDef(SemanticAnalyzer.java:3048)
	at org.wso2.ballerinalang.compiler.semantics.analyzer.SemanticAnalyzer.analyzeClassDefinition(SemanticAnalyzer.java:498)
	at org.wso2.ballerinalang.compiler.semantics.analyzer.SemanticAnalyzer.visit(SemanticAnalyzer.java:482)
	at org.wso2.ballerinalang.compiler.tree.BLangClassDefinition.accept(BLangClassDefinition.java:106)
	at org.wso2.ballerinalang.compiler.semantics.analyzer.SemanticAnalyzer.analyzeNode(SemanticAnalyzer.java:3088)
	at org.wso2.ballerinalang.compiler.semantics.analyzer.SemanticAnalyzer.analyzeNode(SemanticAnalyzer.java:3056)
	at org.wso2.ballerinalang.compiler.semantics.analyzer.SemanticAnalyzer.analyzeDef(SemanticAnalyzer.java:3048)
	at org.wso2.ballerinalang.compiler.semantics.analyzer.SemanticAnalyzer.visit(SemanticAnalyzer.java:286)
	at org.wso2.ballerinalang.compiler.tree.BLangPackage.accept(BLangPackage.java:163)
	at org.wso2.ballerinalang.compiler.semantics.analyzer.SemanticAnalyzer.analyze(SemanticAnalyzer.java:251)
	at io.ballerina.projects.internal.CompilerPhaseRunner.typeCheck(CompilerPhaseRunner.java:205)
	at io.ballerina.projects.internal.CompilerPhaseRunner.performTypeCheckPhases(CompilerPhaseRunner.java:113)
	at io.ballerina.projects.ModuleContext.compileInternal(ModuleContext.java:348)
	at io.ballerina.projects.ModuleCompilationState$1.compile(ModuleCompilationState.java:45)
	at io.ballerina.projects.ModuleContext.compile(ModuleContext.java:297)
	at io.ballerina.projects.PackageCompilation.compile(PackageCompilation.java:132)
	at io.ballerina.projects.PackageCompilation.diagnosticResult(PackageCompilation.java:91)
	at org.ballerinalang.observability.anaylze.DefaultObservabilitySymbolCollector.process(DefaultObservabilitySymbolCollector.java:87)
	at io.ballerina.projects.JBallerinaBackend.<init>(JBallerinaBackend.java:119)
	at io.ballerina.projects.JBallerinaBackend.lambda$from$0(JBallerinaBackend.java:97)
	at java.base/java.util.HashMap.computeIfAbsent(Unknown Source)
	at io.ballerina.projects.PackageCompilation.getCompilerBackend(PackageCompilation.java:122)
	at io.ballerina.projects.JBallerinaBackend.from(JBallerinaBackend.java:96)
	at io.ballerina.cli.task.CompileTask.execute(CompileTask.java:69)
	at io.ballerina.cli.TaskExecutor.executeTasks(TaskExecutor.java:40)
	at io.ballerina.cli.cmd.BuildCommand.execute(BuildCommand.java:238)
	at java.base/java.util.Optional.ifPresent(Unknown Source)
	at org.ballerinalang.tool.Main.main(Main.java:57)
 
[2021-02-08 16:52:33,402] SEVERE {b7a.log.crash} - null 
java.lang.NullPointerException
	at org.wso2.ballerinalang.compiler.semantics.analyzer.SemanticAnalyzer.visit(SemanticAnalyzer.java:1795)
	at org.wso2.ballerinalang.compiler.tree.statements.BLangRecordVariableDef.accept(BLangRecordVariableDef.java:48)
	at org.wso2.ballerinalang.compiler.semantics.analyzer.SemanticAnalyzer.analyzeNode(SemanticAnalyzer.java:3088)
	at org.wso2.ballerinalang.compiler.semantics.analyzer.SemanticAnalyzer.analyzeNode(SemanticAnalyzer.java:3056)
	at org.wso2.ballerinalang.compiler.semantics.analyzer.SemanticAnalyzer.analyzeStmt(SemanticAnalyzer.java:3052)
	at org.wso2.ballerinalang.compiler.semantics.analyzer.SemanticAnalyzer.visit(SemanticAnalyzer.java:419)
	at org.wso2.ballerinalang.compiler.tree.BLangBlockFunctionBody.accept(BLangBlockFunctionBody.java:58)
	at org.wso2.ballerinalang.compiler.semantics.analyzer.SemanticAnalyzer.analyzeNode(SemanticAnalyzer.java:3088)
	at org.wso2.ballerinalang.compiler.semantics.analyzer.SemanticAnalyzer.visit(SemanticAnalyzer.java:391)
	at org.wso2.ballerinalang.compiler.tree.BLangFunction.accept(BLangFunction.java:73)
	at org.wso2.ballerinalang.compiler.semantics.analyzer.SemanticAnalyzer.analyzeNode(SemanticAnalyzer.java:3088)
	at org.wso2.ballerinalang.compiler.semantics.analyzer.SemanticAnalyzer.analyzeNode(SemanticAnalyzer.java:3056)
	at org.wso2.ballerinalang.compiler.semantics.analyzer.SemanticAnalyzer.analyzeDef(SemanticAnalyzer.java:3048)
	at org.wso2.ballerinalang.compiler.semantics.analyzer.SemanticAnalyzer.analyzeClassDefinition(SemanticAnalyzer.java:498)
	at org.wso2.ballerinalang.compiler.semantics.analyzer.SemanticAnalyzer.visit(SemanticAnalyzer.java:482)
	at org.wso2.ballerinalang.compiler.tree.BLangClassDefinition.accept(BLangClassDefinition.java:106)
	at org.wso2.ballerinalang.compiler.semantics.analyzer.SemanticAnalyzer.analyzeNode(SemanticAnalyzer.java:3088)
	at org.wso2.ballerinalang.compiler.semantics.analyzer.SemanticAnalyzer.analyzeNode(SemanticAnalyzer.java:3056)
	at org.wso2.ballerinalang.compiler.semantics.analyzer.SemanticAnalyzer.analyzeDef(SemanticAnalyzer.java:3048)
	at org.wso2.ballerinalang.compiler.semantics.analyzer.SemanticAnalyzer.visit(SemanticAnalyzer.java:286)
	at org.wso2.ballerinalang.compiler.tree.BLangPackage.accept(BLangPackage.java:163)
	at org.wso2.ballerinalang.compiler.semantics.analyzer.SemanticAnalyzer.analyze(SemanticAnalyzer.java:251)
	at io.ballerina.projects.internal.CompilerPhaseRunner.typeCheck(CompilerPhaseRunner.java:205)
	at io.ballerina.projects.internal.CompilerPhaseRunner.performTypeCheckPhases(CompilerPhaseRunner.java:113)
	at io.ballerina.projects.ModuleContext.compileInternal(ModuleContext.java:348)
	at io.ballerina.projects.ModuleCompilationState$1.compile(ModuleCompilationState.java:45)
	at io.ballerina.projects.ModuleContext.compile(ModuleContext.java:297)
	at io.ballerina.projects.PackageCompilation.compile(PackageCompilation.java:132)
	at io.ballerina.projects.PackageCompilation.diagnosticResult(PackageCompilation.java:91)
	at org.ballerinalang.observability.anaylze.DefaultObservabilitySymbolCollector.process(DefaultObservabilitySymbolCollector.java:87)
	at io.ballerina.projects.JBallerinaBackend.<init>(JBallerinaBackend.java:119)
	at io.ballerina.projects.JBallerinaBackend.lambda$from$0(JBallerinaBackend.java:97)
	at java.base/java.util.HashMap.computeIfAbsent(Unknown Source)
	at io.ballerina.projects.PackageCompilation.getCompilerBackend(PackageCompilation.java:122)
	at io.ballerina.projects.JBallerinaBackend.from(JBallerinaBackend.java:96)
	at io.ballerina.cli.task.CompileTask.execute(CompileTask.java:69)
	at io.ballerina.cli.TaskExecutor.executeTasks(TaskExecutor.java:40)
	at io.ballerina.cli.cmd.BuildCommand.execute(BuildCommand.java:238)
	at java.base/java.util.Optional.ifPresent(Unknown Source)
	at org.ballerinalang.tool.Main.main(Main.java:57)
 
[2021-02-08 16:53:55,946] SEVERE {b7a.log.crash} - null 
java.lang.NullPointerException
	at org.wso2.ballerinalang.compiler.semantics.analyzer.SemanticAnalyzer.visit(SemanticAnalyzer.java:1795)
	at org.wso2.ballerinalang.compiler.tree.statements.BLangRecordVariableDef.accept(BLangRecordVariableDef.java:48)
	at org.wso2.ballerinalang.compiler.semantics.analyzer.SemanticAnalyzer.analyzeNode(SemanticAnalyzer.java:3088)
	at org.wso2.ballerinalang.compiler.semantics.analyzer.SemanticAnalyzer.analyzeNode(SemanticAnalyzer.java:3056)
	at org.wso2.ballerinalang.compiler.semantics.analyzer.SemanticAnalyzer.analyzeStmt(SemanticAnalyzer.java:3052)
	at org.wso2.ballerinalang.compiler.semantics.analyzer.SemanticAnalyzer.visit(SemanticAnalyzer.java:419)
	at org.wso2.ballerinalang.compiler.tree.BLangBlockFunctionBody.accept(BLangBlockFunctionBody.java:58)
	at org.wso2.ballerinalang.compiler.semantics.analyzer.SemanticAnalyzer.analyzeNode(SemanticAnalyzer.java:3088)
	at org.wso2.ballerinalang.compiler.semantics.analyzer.SemanticAnalyzer.visit(SemanticAnalyzer.java:391)
	at org.wso2.ballerinalang.compiler.tree.BLangFunction.accept(BLangFunction.java:73)
	at org.wso2.ballerinalang.compiler.semantics.analyzer.SemanticAnalyzer.analyzeNode(SemanticAnalyzer.java:3088)
	at org.wso2.ballerinalang.compiler.semantics.analyzer.SemanticAnalyzer.analyzeNode(SemanticAnalyzer.java:3056)
	at org.wso2.ballerinalang.compiler.semantics.analyzer.SemanticAnalyzer.analyzeDef(SemanticAnalyzer.java:3048)
	at org.wso2.ballerinalang.compiler.semantics.analyzer.SemanticAnalyzer.analyzeClassDefinition(SemanticAnalyzer.java:498)
	at org.wso2.ballerinalang.compiler.semantics.analyzer.SemanticAnalyzer.visit(SemanticAnalyzer.java:482)
	at org.wso2.ballerinalang.compiler.tree.BLangClassDefinition.accept(BLangClassDefinition.java:106)
	at org.wso2.ballerinalang.compiler.semantics.analyzer.SemanticAnalyzer.analyzeNode(SemanticAnalyzer.java:3088)
	at org.wso2.ballerinalang.compiler.semantics.analyzer.SemanticAnalyzer.analyzeNode(SemanticAnalyzer.java:3056)
	at org.wso2.ballerinalang.compiler.semantics.analyzer.SemanticAnalyzer.analyzeDef(SemanticAnalyzer.java:3048)
	at org.wso2.ballerinalang.compiler.semantics.analyzer.SemanticAnalyzer.visit(SemanticAnalyzer.java:286)
	at org.wso2.ballerinalang.compiler.tree.BLangPackage.accept(BLangPackage.java:163)
	at org.wso2.ballerinalang.compiler.semantics.analyzer.SemanticAnalyzer.analyze(SemanticAnalyzer.java:251)
	at io.ballerina.projects.internal.CompilerPhaseRunner.typeCheck(CompilerPhaseRunner.java:205)
	at io.ballerina.projects.internal.CompilerPhaseRunner.performTypeCheckPhases(CompilerPhaseRunner.java:113)
	at io.ballerina.projects.ModuleContext.compileInternal(ModuleContext.java:348)
	at io.ballerina.projects.ModuleCompilationState$1.compile(ModuleCompilationState.java:45)
	at io.ballerina.projects.ModuleContext.compile(ModuleContext.java:297)
	at io.ballerina.projects.PackageCompilation.compile(PackageCompilation.java:132)
	at io.ballerina.projects.PackageCompilation.diagnosticResult(PackageCompilation.java:91)
	at org.ballerinalang.observability.anaylze.DefaultObservabilitySymbolCollector.process(DefaultObservabilitySymbolCollector.java:87)
	at io.ballerina.projects.JBallerinaBackend.<init>(JBallerinaBackend.java:119)
	at io.ballerina.projects.JBallerinaBackend.lambda$from$0(JBallerinaBackend.java:97)
	at java.base/java.util.HashMap.computeIfAbsent(Unknown Source)
	at io.ballerina.projects.PackageCompilation.getCompilerBackend(PackageCompilation.java:122)
	at io.ballerina.projects.JBallerinaBackend.from(JBallerinaBackend.java:96)
	at io.ballerina.cli.task.CompileTask.execute(CompileTask.java:69)
	at io.ballerina.cli.TaskExecutor.executeTasks(TaskExecutor.java:40)
	at io.ballerina.cli.cmd.BuildCommand.execute(BuildCommand.java:238)
	at java.base/java.util.Optional.ifPresent(Unknown Source)
	at org.ballerinalang.tool.Main.main(Main.java:57)
 
[2021-02-08 16:54:43,520] SEVERE {b7a.log.crash} - null 
java.lang.NullPointerException
	at org.wso2.ballerinalang.compiler.semantics.analyzer.SemanticAnalyzer.visit(SemanticAnalyzer.java:1795)
	at org.wso2.ballerinalang.compiler.tree.statements.BLangRecordVariableDef.accept(BLangRecordVariableDef.java:48)
	at org.wso2.ballerinalang.compiler.semantics.analyzer.SemanticAnalyzer.analyzeNode(SemanticAnalyzer.java:3088)
	at org.wso2.ballerinalang.compiler.semantics.analyzer.SemanticAnalyzer.analyzeNode(SemanticAnalyzer.java:3056)
	at org.wso2.ballerinalang.compiler.semantics.analyzer.SemanticAnalyzer.analyzeStmt(SemanticAnalyzer.java:3052)
	at org.wso2.ballerinalang.compiler.semantics.analyzer.SemanticAnalyzer.visit(SemanticAnalyzer.java:419)
	at org.wso2.ballerinalang.compiler.tree.BLangBlockFunctionBody.accept(BLangBlockFunctionBody.java:58)
	at org.wso2.ballerinalang.compiler.semantics.analyzer.SemanticAnalyzer.analyzeNode(SemanticAnalyzer.java:3088)
	at org.wso2.ballerinalang.compiler.semantics.analyzer.SemanticAnalyzer.visit(SemanticAnalyzer.java:391)
	at org.wso2.ballerinalang.compiler.tree.BLangFunction.accept(BLangFunction.java:73)
	at org.wso2.ballerinalang.compiler.semantics.analyzer.SemanticAnalyzer.analyzeNode(SemanticAnalyzer.java:3088)
	at org.wso2.ballerinalang.compiler.semantics.analyzer.SemanticAnalyzer.analyzeNode(SemanticAnalyzer.java:3056)
	at org.wso2.ballerinalang.compiler.semantics.analyzer.SemanticAnalyzer.analyzeDef(SemanticAnalyzer.java:3048)
	at org.wso2.ballerinalang.compiler.semantics.analyzer.SemanticAnalyzer.analyzeClassDefinition(SemanticAnalyzer.java:498)
	at org.wso2.ballerinalang.compiler.semantics.analyzer.SemanticAnalyzer.visit(SemanticAnalyzer.java:482)
	at org.wso2.ballerinalang.compiler.tree.BLangClassDefinition.accept(BLangClassDefinition.java:106)
	at org.wso2.ballerinalang.compiler.semantics.analyzer.SemanticAnalyzer.analyzeNode(SemanticAnalyzer.java:3088)
	at org.wso2.ballerinalang.compiler.semantics.analyzer.SemanticAnalyzer.analyzeNode(SemanticAnalyzer.java:3056)
	at org.wso2.ballerinalang.compiler.semantics.analyzer.SemanticAnalyzer.analyzeDef(SemanticAnalyzer.java:3048)
	at org.wso2.ballerinalang.compiler.semantics.analyzer.SemanticAnalyzer.visit(SemanticAnalyzer.java:286)
	at org.wso2.ballerinalang.compiler.tree.BLangPackage.accept(BLangPackage.java:163)
	at org.wso2.ballerinalang.compiler.semantics.analyzer.SemanticAnalyzer.analyze(SemanticAnalyzer.java:251)
	at io.ballerina.projects.internal.CompilerPhaseRunner.typeCheck(CompilerPhaseRunner.java:205)
	at io.ballerina.projects.internal.CompilerPhaseRunner.performTypeCheckPhases(CompilerPhaseRunner.java:113)
	at io.ballerina.projects.ModuleContext.compileInternal(ModuleContext.java:348)
	at io.ballerina.projects.ModuleCompilationState$1.compile(ModuleCompilationState.java:45)
	at io.ballerina.projects.ModuleContext.compile(ModuleContext.java:297)
	at io.ballerina.projects.PackageCompilation.compile(PackageCompilation.java:132)
	at io.ballerina.projects.PackageCompilation.diagnosticResult(PackageCompilation.java:91)
	at org.ballerinalang.observability.anaylze.DefaultObservabilitySymbolCollector.process(DefaultObservabilitySymbolCollector.java:87)
	at io.ballerina.projects.JBallerinaBackend.<init>(JBallerinaBackend.java:119)
	at io.ballerina.projects.JBallerinaBackend.lambda$from$0(JBallerinaBackend.java:97)
	at java.base/java.util.HashMap.computeIfAbsent(Unknown Source)
	at io.ballerina.projects.PackageCompilation.getCompilerBackend(PackageCompilation.java:122)
	at io.ballerina.projects.JBallerinaBackend.from(JBallerinaBackend.java:96)
	at io.ballerina.cli.task.CompileTask.execute(CompileTask.java:69)
	at io.ballerina.cli.TaskExecutor.executeTasks(TaskExecutor.java:40)
	at io.ballerina.cli.cmd.BuildCommand.execute(BuildCommand.java:238)
	at java.base/java.util.Optional.ifPresent(Unknown Source)
	at org.ballerinalang.tool.Main.main(Main.java:57)
 
